Already aligned: out/temp/system/app//AirkanPhoneService.apk
Already aligned: out/temp/system/app//AntHalService.apk
Already aligned: out/temp/system/app//AntiSpam.apk
Already aligned: out/temp/system/app//antradioservice.apk
Already aligned: out/temp/system/app//antstatenotifer.apk
Already aligned: out/temp/system/app//ApplicationsProvider.apk
Already aligned: out/temp/system/app//Backup.apk
Already aligned: out/temp/system/app//BackupRestoreConfirmation.apk
Already aligned: out/temp/system/app//Bluetooth.apk
Already aligned: out/temp/system/app//Browser.apk
Already aligned: out/temp/system/app//BugReport.apk
Already aligned: out/temp/system/app//Calculator.apk
Already aligned: out/temp/system/app//Calendar.apk
Already aligned: out/temp/system/app//CalendarProvider.apk
Already aligned: out/temp/system/app//Camera.apk
Already aligned: out/temp/system/app//CertInstaller.apk
Already aligned: out/temp/system/app//ChromeBookmarksSyncAdapter.apk
Already aligned: out/temp/system/app//CloudService.apk
Already aligned: out/temp/system/app//Contacts.apk
Already aligned: out/temp/system/app//ContactsProvider.apk
Already aligned: out/temp/system/app//DataHubProvider.apk
Already aligned: out/temp/system/app//DefaultContainerService.apk
Already aligned: out/temp/system/app//DeskClock.apk
Already aligned: out/temp/system/app//DownloadProvider.apk
Already aligned: out/temp/system/app//DownloadProviderUi.apk
Already aligned: out/temp/system/app//DrmProvider.apk
Already aligned: out/temp/system/app//Email.apk
Already aligned: out/temp/system/app//Exchange2.apk
Already aligned: out/temp/system/app//FileExplorer.apk
Already aligned: out/temp/system/app//Fmapplication.apk
Already aligned: out/temp/system/app//FmRxService.apk
Already aligned: out/temp/system/app//GoogleBackupTransport.apk
Already aligned: out/temp/system/app//GoogleCalendarSyncAdapter.apk
Already aligned: out/temp/system/app//GoogleContactsSyncAdapter.apk
Already aligned: out/temp/system/app//GoogleLoginService.apk
Already aligned: out/temp/system/app//GooglePartnerSetup.apk
Already aligned: out/temp/system/app//GoogleServicesFramework.apk
Already aligned: out/temp/system/app//GuardProvider.apk
Already aligned: out/temp/system/app//HTMLViewer.apk
Already aligned: out/temp/system/app//InputDevices.apk
Already aligned: out/temp/system/app//KeyChain.apk
Already aligned: out/temp/system/app//LBESEC_MIUI.apk
Already aligned: out/temp/system/app//LiveWallpapers.apk
Already aligned: out/temp/system/app//LiveWallpapersPicker.apk
Already aligned: out/temp/system/app//MediaProvider.apk
Already aligned: out/temp/system/app//MiuiCompass.apk
Already aligned: out/temp/system/app//MiuiGallery.apk
Already aligned: out/temp/system/app//MiuiHome.apk
Already aligned: out/temp/system/app//MiuiSystemUI.apk
Already aligned: out/temp/system/app//MiuiUpdater.apk
Already aligned: out/temp/system/app//MiuiVideoPlayer.apk
Already aligned: out/temp/system/app//MiuiWeather.apk
Already aligned: out/temp/system/app//Mms.apk
Already aligned: out/temp/system/app//Music.apk
Already aligned: out/temp/system/app//MusicFX.apk
Already aligned: out/temp/system/app//NetworkAssistant.apk
Already aligned: out/temp/system/app//NetworkLocation.apk
Already aligned: out/temp/system/app//Notes.apk
Already aligned: out/temp/system/app//OSB.apk
Already aligned: out/temp/system/app//PackageInstaller.apk
Already aligned: out/temp/system/app//Phone.apk
Already aligned: out/temp/system/app//Provision.apk
Already aligned: out/temp/system/app//QuickSearchBox.apk
Already aligned: out/temp/system/app//Settings.apk
Already aligned: out/temp/system/app//SettingsProvider.apk
Already aligned: out/temp/system/app//SharedStorageBackup.apk
Already aligned: out/temp/system/app//SoundRecorder.apk
Already aligned: out/temp/system/app//Stk.apk
Already aligned: out/temp/system/app//TelephonyProvider.apk
Already aligned: out/temp/system/app//textinput-tng.apk
Already aligned: out/temp/system/app//ThemeManager.apk
Already aligned: out/temp/system/app//Transfer.apk
Already aligned: out/temp/system/app//UserDictionaryProvider.apk
Already aligned: out/temp/system/app//VFX.apk
Already aligned: out/temp/system/app//VisualizationWallpapers.apk
Already aligned: out/temp/system/app//VpnDialogs.apk
Already aligned: out/temp/system/app//WAPPushManager.apk
Already aligned: out/temp/system/app//XiaomiServiceFramework.apk
Already aligned: out/temp/system/app//YellowPage.apk
